Using pre-set license
Built from '2020.3/release' branch; Version is '2020.3.7f1 (dd97f2c94397) revision 14522354'; Using compiler version '192528614'; Build Type 'Release'
OS: 'Windows 10 Home; OS build 19044.1586; Version 2009; 64bit' Language: 'zh' Physical Memory: 16227 MB
BatchMode: 1, IsHumanControllingUs: 0, StartBugReporterOnCrash: 0, Is64bit: 1, IsPro: 0

 COMMAND LINE ARGUMENTS:
D:\Software\Unity Engine\2020.3.7f1\Editor\Unity.exe
-adb2
-batchMode
-noUpm
-name
AssetImportWorker0
-projectPath
D:/Documents/Unity Project/LoadableLoader
-logFile
Logs/AssetImportWorker0.log
-srvPort
56980
Successfully changed project path to: D:/Documents/Unity Project/LoadableLoader
D:/Documents/Unity Project/LoadableLoader
Using Asset Import Pipeline V2.
Refreshing native plugins compatible for Editor in 33.51 ms, found 0 plugins.
Preloading 0 native plugins for Editor in 0.00 ms.
Initialize engine version: 2020.3.7f1 (dd97f2c94397)
[Subsystems] Discovering subsystems at path D:/Software/Unity Engine/2020.3.7f1/Editor/Data/Resources/UnitySubsystems
[Subsystems] Discovering subsystems at path D:/Documents/Unity Project/LoadableLoader/Assets
GfxDevice: creating device client; threaded=0
Direct3D:
    Version:  Direct3D 11.0 [level 11.1]
    Renderer: Radeon RX 540 Series (ID=0x699f)
    Vendor:   
    VRAM:     2028 MB
    Driver:   27.20.21026.6002
Initialize mono
Mono path[0] = 'D:/Software/Unity Engine/2020.3.7f1/Editor/Data/Managed'
Mono path[1] = 'D:/Software/Unity Engine/2020.3.7f1/Editor/Data/MonoBleedingEdge/lib/mono/unityjit'
Mono config path = 'D:/Software/Unity Engine/2020.3.7f1/Editor/Data/MonoBleedingEdge/etc'
Using monoOptions --debugger-agent=transport=dt_socket,embedding=1,server=y,suspend=n,address=127.0.0.1:56716
Begin MonoManager ReloadAssembly
Registering precompiled unity dll's ...
Register platform support module: D:/Software/Unity Engine/2020.3.7f1/Editor/Data/PlaybackEngines/MacStandaloneSupport/UnityEditor.OSXStandalone.Extensions.dll
Register platform support module: D:/Software/Unity Engine/2020.3.7f1/Editor/Data/PlaybackEngines/WindowsStandaloneSupport/UnityEditor.WindowsStandalone.Extensions.dll
Registered in 0.001400 seconds.
Native extension for WindowsStandalone target not found
Native extension for OSXStandalone target not found
Refreshing native plugins compatible for Editor in 30.34 ms, found 0 plugins.
Preloading 0 native plugins for Editor in 0.00 ms.
Mono: successfully reloaded assembly
- Completed reload, in  2.214 seconds
Platform modules already initialized, skipping
Registering precompiled user dll's ...
Registered in 0.003956 seconds.
Begin MonoManager ReloadAssembly
Native extension for WindowsStandalone target not found
Native extension for OSXStandalone target not found
Refreshing native plugins compatible for Editor in 0.31 ms, found 0 plugins.
Preloading 0 native plugins for Editor in 0.00 ms.
Mono: successfully reloaded assembly
- Completed reload, in  1.415 seconds
Platform modules already initialized, skipping
========================================================================
Worker process is ready to serve import requests
Launched and connected shader compiler UnityShaderCompiler.exe after 0.11 seconds
Refreshing native plugins compatible for Editor in 0.37 ms, found 0 plugins.
Preloading 0 native plugins for Editor in 0.00 ms.
Unloading 1544 Unused Serialized files (Serialized files now loaded: 0)
System memory in use before: 72.1 MB.
System memory in use after: 72.1 MB.

Unloading 19 unused Assets to reduce memory usage. Loaded Objects now: 2033.
Total: 24.045200 ms (FindLiveObjects: 0.255800 ms CreateObjectMapping: 0.161100 ms MarkObjects: 23.534200 ms  DeleteObjects: 0.092700 ms)

========================================================================
Received Import Request.
  path: Assets/Scripts/LoadableActions/Customize.cs
  artifactKey: Guid(1e684da68d183e34b8c3560983a7ae09) Importer(815301076,1909f56bfc062723c751e8b465ee728b)
Start importing Assets/Scripts/LoadableActions/Customize.cs using Guid(1e684da68d183e34b8c3560983a7ae09) Importer(815301076,1909f56bfc062723c751e8b465ee728b)  -> (artifact id: '90739f42181eb831931a62961c16292c') in 0.107672 seconds
  Import took 0.112424 seconds .

========================================================================
Received Prepare
Registering precompiled user dll's ...
Registered in 0.004244 seconds.
Begin MonoManager ReloadAssembly
Native extension for WindowsStandalone target not found
Native extension for OSXStandalone target not found
Refreshing native plugins compatible for Editor in 0.33 ms, found 0 plugins.
Preloading 0 native plugins for Editor in 0.00 ms.
Mono: successfully reloaded assembly
- Completed reload, in  1.421 seconds
Platform modules already initialized, skipping
Refreshing native plugins compatible for Editor in 0.30 ms, found 0 plugins.
Preloading 0 native plugins for Editor in 0.00 ms.
Unloading 1537 Unused Serialized files (Serialized files now loaded: 0)
System memory in use before: 71.9 MB.
System memory in use after: 72.0 MB.

Unloading 14 unused Assets to reduce memory usage. Loaded Objects now: 2036.
Total: 21.864600 ms (FindLiveObjects: 0.216600 ms CreateObjectMapping: 0.063600 ms MarkObjects: 21.555600 ms  DeleteObjects: 0.026400 ms)

========================================================================
Received Prepare
Registering precompiled user dll's ...
Registered in 0.347783 seconds.
Begin MonoManager ReloadAssembly
Native extension for WindowsStandalone target not found
Native extension for OSXStandalone target not found
Refreshing native plugins compatible for Editor in 0.33 ms, found 0 plugins.
Preloading 0 native plugins for Editor in 0.00 ms.
Mono: successfully reloaded assembly
- Completed reload, in  1.400 seconds
Platform modules already initialized, skipping
Refreshing native plugins compatible for Editor in 1.02 ms, found 0 plugins.
Preloading 0 native plugins for Editor in 0.00 ms.
Unloading 1537 Unused Serialized files (Serialized files now loaded: 0)
System memory in use before: 71.9 MB.
System memory in use after: 72.0 MB.

Unloading 14 unused Assets to reduce memory usage. Loaded Objects now: 2039.
Total: 56.656700 ms (FindLiveObjects: 0.490800 ms CreateObjectMapping: 0.147100 ms MarkObjects: 55.973700 ms  DeleteObjects: 0.042700 ms)

========================================================================
Received Import Request.
  Time since last request: 701.314318 seconds.
  path: Assets/Scripts/LoadableActions/Customize.cs
  artifactKey: Guid(1e684da68d183e34b8c3560983a7ae09) Importer(815301076,1909f56bfc062723c751e8b465ee728b)
Start importing Assets/Scripts/LoadableActions/Customize.cs using Guid(1e684da68d183e34b8c3560983a7ae09) Importer(815301076,1909f56bfc062723c751e8b465ee728b)  -> (artifact id: 'b22d0eb32f7a94a83fd5047ca4000936') in 0.027978 seconds
  Import took 0.036239 seconds .

========================================================================
Received Import Request.
  Time since last request: 8.984199 seconds.
  path: Assets/Scripts/LoadableActions/CustomizeAction.cs
  artifactKey: Guid(1e684da68d183e34b8c3560983a7ae09) Importer(815301076,1909f56bfc062723c751e8b465ee728b)
Start importing Assets/Scripts/LoadableActions/CustomizeAction.cs using Guid(1e684da68d183e34b8c3560983a7ae09) Importer(815301076,1909f56bfc062723c751e8b465ee728b)  -> (artifact id: '6fc287ad3f7b727c51298c68a73c4fad') in 0.009395 seconds
  Import took 0.012651 seconds .

========================================================================
Received Prepare
Registering precompiled user dll's ...
Registered in 0.004087 seconds.
Begin MonoManager ReloadAssembly
Native extension for WindowsStandalone target not found
Native extension for OSXStandalone target not found
Refreshing native plugins compatible for Editor in 0.36 ms, found 0 plugins.
Preloading 0 native plugins for Editor in 0.00 ms.
Mono: successfully reloaded assembly
- Completed reload, in  1.986 seconds
Platform modules already initialized, skipping
Refreshing native plugins compatible for Editor in 0.42 ms, found 0 plugins.
Preloading 0 native plugins for Editor in 0.00 ms.
Unloading 1537 Unused Serialized files (Serialized files now loaded: 0)
System memory in use before: 71.9 MB.
System memory in use after: 72.1 MB.

Unloading 14 unused Assets to reduce memory usage. Loaded Objects now: 2042.
Total: 24.980800 ms (FindLiveObjects: 0.246000 ms CreateObjectMapping: 0.095300 ms MarkObjects: 24.609700 ms  DeleteObjects: 0.027000 ms)

========================================================================
Received Import Request.
  Time since last request: 58.056460 seconds.
  path: Assets/Scripts/DontDestorySingleton.cs
  artifactKey: Guid(3afc2d4e750fd13499da1cd354866682) Importer(815301076,1909f56bfc062723c751e8b465ee728b)
Start importing Assets/Scripts/DontDestorySingleton.cs using Guid(3afc2d4e750fd13499da1cd354866682) Importer(815301076,1909f56bfc062723c751e8b465ee728b)  -> (artifact id: 'a1896ffce72bb47e60f318d233167e30') in 0.012700 seconds
  Import took 0.017626 seconds .

========================================================================
Received Import Request.
  Time since last request: 0.036938 seconds.
  path: Assets/Scripts/DontDestorySingleton.cs
  artifactKey: Guid(3afc2d4e750fd13499da1cd354866682) Importer(815301076,1909f56bfc062723c751e8b465ee728b)
Start importing Assets/Scripts/DontDestorySingleton.cs using Guid(3afc2d4e750fd13499da1cd354866682) Importer(815301076,1909f56bfc062723c751e8b465ee728b)  -> (artifact id: 'a1896ffce72bb47e60f318d233167e30') in 0.003995 seconds
  Import took 0.007052 seconds .

========================================================================
Received Prepare
Registering precompiled user dll's ...
Registered in 0.004636 seconds.
Begin MonoManager ReloadAssembly
Native extension for WindowsStandalone target not found
Native extension for OSXStandalone target not found
Refreshing native plugins compatible for Editor in 0.36 ms, found 0 plugins.
Preloading 0 native plugins for Editor in 0.00 ms.
Mono: successfully reloaded assembly
- Completed reload, in  1.927 seconds
Platform modules already initialized, skipping
Refreshing native plugins compatible for Editor in 0.30 ms, found 0 plugins.
Preloading 0 native plugins for Editor in 0.00 ms.
Unloading 1538 Unused Serialized files (Serialized files now loaded: 0)
System memory in use before: 72.0 MB.
System memory in use after: 72.1 MB.

Unloading 14 unused Assets to reduce memory usage. Loaded Objects now: 2046.
Total: 25.931000 ms (FindLiveObjects: 0.308500 ms CreateObjectMapping: 0.170600 ms MarkObjects: 25.424100 ms  DeleteObjects: 0.025200 ms)

========================================================================
Received Prepare
Registering precompiled user dll's ...
Registered in 0.006717 seconds.
Begin MonoManager ReloadAssembly
Native extension for WindowsStandalone target not found
Native extension for OSXStandalone target not found
Refreshing native plugins compatible for Editor in 0.33 ms, found 0 plugins.
Preloading 0 native plugins for Editor in 0.00 ms.
Mono: successfully reloaded assembly
- Completed reload, in  1.360 seconds
Platform modules already initialized, skipping
Refreshing native plugins compatible for Editor in 0.30 ms, found 0 plugins.
Preloading 0 native plugins for Editor in 0.00 ms.
Unloading 1538 Unused Serialized files (Serialized files now loaded: 0)
System memory in use before: 72.0 MB.
System memory in use after: 72.1 MB.

Unloading 14 unused Assets to reduce memory usage. Loaded Objects now: 2049.
Total: 25.529100 ms (FindLiveObjects: 0.220900 ms CreateObjectMapping: 0.111000 ms MarkObjects: 25.167400 ms  DeleteObjects: 0.027300 ms)

========================================================================
Received Import Request.
  Time since last request: 82.279268 seconds.
  path: Assets/Scripts/DontDestorySingleton.cs
  artifactKey: Guid(3afc2d4e750fd13499da1cd354866682) Importer(815301076,1909f56bfc062723c751e8b465ee728b)
Start importing Assets/Scripts/DontDestorySingleton.cs using Guid(3afc2d4e750fd13499da1cd354866682) Importer(815301076,1909f56bfc062723c751e8b465ee728b)  -> (artifact id: '3f7fcde6e861bb85b9f6d534fcf822b1') in 0.005746 seconds
  Import took 0.009324 seconds .

========================================================================
Received Import Request.
  Time since last request: 6.195818 seconds.
  path: Assets/Scripts/DontDestroySingleton.cs
  artifactKey: Guid(3afc2d4e750fd13499da1cd354866682) Importer(815301076,1909f56bfc062723c751e8b465ee728b)
Start importing Assets/Scripts/DontDestroySingleton.cs using Guid(3afc2d4e750fd13499da1cd354866682) Importer(815301076,1909f56bfc062723c751e8b465ee728b)  -> (artifact id: '4485e42da2ed562275964126cab20464') in 0.010230 seconds
  Import took 0.014573 seconds .

========================================================================
Received Prepare
Registering precompiled user dll's ...
Registered in 0.007169 seconds.
Begin MonoManager ReloadAssembly
Native extension for WindowsStandalone target not found
Native extension for OSXStandalone target not found
Refreshing native plugins compatible for Editor in 0.35 ms, found 0 plugins.
Preloading 0 native plugins for Editor in 0.00 ms.
Mono: successfully reloaded assembly
- Completed reload, in  1.726 seconds
Platform modules already initialized, skipping
Refreshing native plugins compatible for Editor in 0.32 ms, found 0 plugins.
Preloading 0 native plugins for Editor in 0.00 ms.
Unloading 1538 Unused Serialized files (Serialized files now loaded: 0)
System memory in use before: 72.0 MB.
System memory in use after: 72.1 MB.

Unloading 14 unused Assets to reduce memory usage. Loaded Objects now: 2052.
Total: 23.693500 ms (FindLiveObjects: 0.310200 ms CreateObjectMapping: 0.133800 ms MarkObjects: 23.221900 ms  DeleteObjects: 0.025600 ms)

========================================================================
Received Prepare
Registering precompiled user dll's ...
Registered in 0.005895 seconds.
Begin MonoManager ReloadAssembly
Native extension for WindowsStandalone target not found
Native extension for OSXStandalone target not found
Refreshing native plugins compatible for Editor in 0.33 ms, found 0 plugins.
Preloading 0 native plugins for Editor in 0.00 ms.
Mono: successfully reloaded assembly
- Completed reload, in  1.401 seconds
Platform modules already initialized, skipping
Refreshing native plugins compatible for Editor in 0.32 ms, found 0 plugins.
Preloading 0 native plugins for Editor in 0.00 ms.
Unloading 1538 Unused Serialized files (Serialized files now loaded: 0)
System memory in use before: 72.0 MB.
System memory in use after: 72.1 MB.

Unloading 14 unused Assets to reduce memory usage. Loaded Objects now: 2055.
Total: 22.834800 ms (FindLiveObjects: 0.307600 ms CreateObjectMapping: 0.135900 ms MarkObjects: 22.366600 ms  DeleteObjects: 0.022000 ms)

========================================================================
Received Import Request.
  Time since last request: 702.404162 seconds.
  path: Assets/Scripts/DontDestroySingleton.cs
  artifactKey: Guid(3afc2d4e750fd13499da1cd354866682) Importer(815301076,1909f56bfc062723c751e8b465ee728b)
Start importing Assets/Scripts/DontDestroySingleton.cs using Guid(3afc2d4e750fd13499da1cd354866682) Importer(815301076,1909f56bfc062723c751e8b465ee728b)  -> (artifact id: '85d6562d44bb9fe321bdda86e094303b') in 0.005610 seconds
  Import took 0.009536 seconds .

