Using pre-set license
Built from '2020.3/release' branch; Version is '2020.3.7f1 (dd97f2c94397) revision 14522354'; Using compiler version '192528614'; Build Type 'Release'
OS: 'Windows 10 Home; OS build 19044.1586; Version 2009; 64bit' Language: 'zh' Physical Memory: 16227 MB
BatchMode: 1, IsHumanControllingUs: 0, StartBugReporterOnCrash: 0, Is64bit: 1, IsPro: 0

 COMMAND LINE ARGUMENTS:
D:\Software\Unity Engine\2020.3.7f1\Editor\Unity.exe
-adb2
-batchMode
-noUpm
-name
AssetImportWorker0
-projectPath
D:/Documents/Unity Project/LoadableLoader
-logFile
Logs/AssetImportWorker0.log
-srvPort
59520
Successfully changed project path to: D:/Documents/Unity Project/LoadableLoader
D:/Documents/Unity Project/LoadableLoader
Using Asset Import Pipeline V2.
Refreshing native plugins compatible for Editor in 41.43 ms, found 0 plugins.
Preloading 0 native plugins for Editor in 0.00 ms.
Initialize engine version: 2020.3.7f1 (dd97f2c94397)
[Subsystems] Discovering subsystems at path D:/Software/Unity Engine/2020.3.7f1/Editor/Data/Resources/UnitySubsystems
[Subsystems] Discovering subsystems at path D:/Documents/Unity Project/LoadableLoader/Assets
GfxDevice: creating device client; threaded=0
Direct3D:
    Version:  Direct3D 11.0 [level 11.1]
    Renderer: Radeon RX 540 Series (ID=0x699f)
    Vendor:   
    VRAM:     2028 MB
    Driver:   27.20.21026.6002
Initialize mono
Mono path[0] = 'D:/Software/Unity Engine/2020.3.7f1/Editor/Data/Managed'
Mono path[1] = 'D:/Software/Unity Engine/2020.3.7f1/Editor/Data/MonoBleedingEdge/lib/mono/unityjit'
Mono config path = 'D:/Software/Unity Engine/2020.3.7f1/Editor/Data/MonoBleedingEdge/etc'
Using monoOptions --debugger-agent=transport=dt_socket,embedding=1,server=y,suspend=n,address=127.0.0.1:56512
Begin MonoManager ReloadAssembly
Registering precompiled unity dll's ...
Register platform support module: D:/Software/Unity Engine/2020.3.7f1/Editor/Data/PlaybackEngines/MacStandaloneSupport/UnityEditor.OSXStandalone.Extensions.dll
Register platform support module: D:/Software/Unity Engine/2020.3.7f1/Editor/Data/PlaybackEngines/WindowsStandaloneSupport/UnityEditor.WindowsStandalone.Extensions.dll
Registered in 0.002244 seconds.
Native extension for WindowsStandalone target not found
Native extension for OSXStandalone target not found
Refreshing native plugins compatible for Editor in 55.25 ms, found 0 plugins.
Preloading 0 native plugins for Editor in 0.00 ms.
Mono: successfully reloaded assembly
- Completed reload, in  3.514 seconds
Platform modules already initialized, skipping
Registering precompiled user dll's ...
Registered in 0.009138 seconds.
Begin MonoManager ReloadAssembly
Native extension for WindowsStandalone target not found
Native extension for OSXStandalone target not found
Refreshing native plugins compatible for Editor in 0.52 ms, found 0 plugins.
Preloading 0 native plugins for Editor in 0.00 ms.
Mono: successfully reloaded assembly
- Completed reload, in  4.670 seconds
Platform modules already initialized, skipping
========================================================================
Worker process is ready to serve import requests
Launched and connected shader compiler UnityShaderCompiler.exe after 0.22 seconds
Refreshing native plugins compatible for Editor in 0.78 ms, found 0 plugins.
Preloading 0 native plugins for Editor in 0.00 ms.
Unloading 1544 Unused Serialized files (Serialized files now loaded: 0)
System memory in use before: 72.1 MB.
System memory in use after: 72.1 MB.

Unloading 19 unused Assets to reduce memory usage. Loaded Objects now: 2033.
Total: 36.105100 ms (FindLiveObjects: 0.322800 ms CreateObjectMapping: 0.126200 ms MarkObjects: 35.531300 ms  DeleteObjects: 0.122500 ms)

========================================================================
Received Import Request.
  path: Assets/Scripts/LoadableLoader.cs
  artifactKey: Guid(a04781e01c3771247bff66edcbf361df) Importer(815301076,1909f56bfc062723c751e8b465ee728b)
Start importing Assets/Scripts/LoadableLoader.cs using Guid(a04781e01c3771247bff66edcbf361df) Importer(815301076,1909f56bfc062723c751e8b465ee728b)  -> (artifact id: '05d307a84b06bf5d17e68f0b13a8e120') in 0.090451 seconds
  Import took 0.097638 seconds .

========================================================================
Received Import Request.
  Time since last request: 0.000414 seconds.
  path: Assets/Scripts/LoadableActions/CustomizeAction.cs
  artifactKey: Guid(7ba28f5ace9048541b3592756c63a098) Importer(815301076,1909f56bfc062723c751e8b465ee728b)
Start importing Assets/Scripts/LoadableActions/CustomizeAction.cs using Guid(7ba28f5ace9048541b3592756c63a098) Importer(815301076,1909f56bfc062723c751e8b465ee728b)  -> (artifact id: 'f47bd9385072db333eb510bcdcc7f4e7') in 0.013035 seconds
  Import took 0.019139 seconds .

========================================================================
Received Import Request.
  Time since last request: 0.000493 seconds.
  path: Assets/Scripts/LoadableActions/Customize.cs
  artifactKey: Guid(1e684da68d183e34b8c3560983a7ae09) Importer(815301076,1909f56bfc062723c751e8b465ee728b)
Start importing Assets/Scripts/LoadableActions/Customize.cs using Guid(1e684da68d183e34b8c3560983a7ae09) Importer(815301076,1909f56bfc062723c751e8b465ee728b)  -> (artifact id: 'b6eb672cf3c776ed88fc1e4b03222ae2') in 0.010108 seconds
  Import took 0.015869 seconds .

========================================================================
Received Import Request.
  Time since last request: 0.000502 seconds.
  path: Assets/Scripts/ILoadable.cs
  artifactKey: Guid(226a162a5142e9e4b8c1db87fbd2ec91) Importer(815301076,1909f56bfc062723c751e8b465ee728b)
Start importing Assets/Scripts/ILoadable.cs using Guid(226a162a5142e9e4b8c1db87fbd2ec91) Importer(815301076,1909f56bfc062723c751e8b465ee728b)  -> (artifact id: '716d5c5fbdbaa6defecec2c676c3ea0f') in 0.010327 seconds
  Import took 0.015896 seconds .

========================================================================
Received Import Request.
  Time since last request: 26.819542 seconds.
  path: Assets/Scripts/LoadableActions/CustomizeAction.cs
  artifactKey: Guid(7ba28f5ace9048541b3592756c63a098) Importer(815301076,1909f56bfc062723c751e8b465ee728b)
Start importing Assets/Scripts/LoadableActions/CustomizeAction.cs using Guid(7ba28f5ace9048541b3592756c63a098) Importer(815301076,1909f56bfc062723c751e8b465ee728b)  -> (artifact id: 'f991de0e736f5e73490d1f834c975581') in 0.128188 seconds
  Import took 0.208590 seconds .

========================================================================
Received Import Request.
  Time since last request: 22.094627 seconds.
  path: Assets/Scripts/LoadableActions/CustomizeAction.cs
  artifactKey: Guid(7ba28f5ace9048541b3592756c63a098) Importer(815301076,1909f56bfc062723c751e8b465ee728b)
Start importing Assets/Scripts/LoadableActions/CustomizeAction.cs using Guid(7ba28f5ace9048541b3592756c63a098) Importer(815301076,1909f56bfc062723c751e8b465ee728b)  -> (artifact id: 'dbc7b65e375a895893231fa2b191bdd2') in 0.003310 seconds
  Import took 0.009125 seconds .

========================================================================
Received Import Request.
  Time since last request: 46.034178 seconds.
  path: Assets/Scripts/LoadableActions/CustomizeAction.cs
  artifactKey: Guid(7ba28f5ace9048541b3592756c63a098) Importer(815301076,1909f56bfc062723c751e8b465ee728b)
Start importing Assets/Scripts/LoadableActions/CustomizeAction.cs using Guid(7ba28f5ace9048541b3592756c63a098) Importer(815301076,1909f56bfc062723c751e8b465ee728b)  -> (artifact id: '97c2fd4de96b664c0484c0e1c0fb33ad') in 0.003201 seconds
  Import took 0.008113 seconds .

========================================================================
Received Prepare
Registering precompiled user dll's ...
Registered in 0.005543 seconds.
Begin MonoManager ReloadAssembly
Native extension for WindowsStandalone target not found
Native extension for OSXStandalone target not found
Refreshing native plugins compatible for Editor in 0.45 ms, found 0 plugins.
Preloading 0 native plugins for Editor in 0.00 ms.
Mono: successfully reloaded assembly
- Completed reload, in  2.121 seconds
Platform modules already initialized, skipping
Refreshing native plugins compatible for Editor in 0.42 ms, found 0 plugins.
Preloading 0 native plugins for Editor in 0.00 ms.
Unloading 1537 Unused Serialized files (Serialized files now loaded: 0)
System memory in use before: 71.9 MB.
System memory in use after: 72.0 MB.

Unloading 14 unused Assets to reduce memory usage. Loaded Objects now: 2036.
Total: 30.779800 ms (FindLiveObjects: 0.230700 ms CreateObjectMapping: 0.079700 ms MarkObjects: 30.429900 ms  DeleteObjects: 0.037000 ms)

========================================================================
Received Prepare
Registering precompiled user dll's ...
Registered in 0.009212 seconds.
Begin MonoManager ReloadAssembly
Native extension for WindowsStandalone target not found
Native extension for OSXStandalone target not found
Refreshing native plugins compatible for Editor in 0.49 ms, found 0 plugins.
Preloading 0 native plugins for Editor in 0.00 ms.
Mono: successfully reloaded assembly
- Completed reload, in  2.249 seconds
Platform modules already initialized, skipping
Refreshing native plugins compatible for Editor in 0.47 ms, found 0 plugins.
Preloading 0 native plugins for Editor in 0.00 ms.
Unloading 1537 Unused Serialized files (Serialized files now loaded: 0)
System memory in use before: 71.9 MB.
System memory in use after: 72.0 MB.

Unloading 14 unused Assets to reduce memory usage. Loaded Objects now: 2039.
Total: 32.169100 ms (FindLiveObjects: 0.244100 ms CreateObjectMapping: 0.096000 ms MarkObjects: 31.784400 ms  DeleteObjects: 0.041900 ms)

========================================================================
Received Prepare
Registering precompiled user dll's ...
Registered in 0.004640 seconds.
Begin MonoManager ReloadAssembly
Native extension for WindowsStandalone target not found
Native extension for OSXStandalone target not found
Refreshing native plugins compatible for Editor in 0.46 ms, found 0 plugins.
Preloading 0 native plugins for Editor in 0.00 ms.
Mono: successfully reloaded assembly
- Completed reload, in  2.667 seconds
Platform modules already initialized, skipping
Refreshing native plugins compatible for Editor in 0.49 ms, found 0 plugins.
Preloading 0 native plugins for Editor in 0.00 ms.
Unloading 1537 Unused Serialized files (Serialized files now loaded: 0)
System memory in use before: 71.9 MB.
System memory in use after: 72.1 MB.

Unloading 14 unused Assets to reduce memory usage. Loaded Objects now: 2042.
Total: 37.547200 ms (FindLiveObjects: 0.353900 ms CreateObjectMapping: 0.135300 ms MarkObjects: 37.021300 ms  DeleteObjects: 0.034100 ms)

========================================================================
Received Prepare
Registering precompiled user dll's ...
Registered in 0.005683 seconds.
Begin MonoManager ReloadAssembly
Native extension for WindowsStandalone target not found
Native extension for OSXStandalone target not found
Refreshing native plugins compatible for Editor in 0.48 ms, found 0 plugins.
Preloading 0 native plugins for Editor in 0.00 ms.
Mono: successfully reloaded assembly
- Completed reload, in  2.340 seconds
Platform modules already initialized, skipping
Refreshing native plugins compatible for Editor in 0.42 ms, found 0 plugins.
Preloading 0 native plugins for Editor in 0.00 ms.
Unloading 1537 Unused Serialized files (Serialized files now loaded: 0)
System memory in use before: 72.0 MB.
System memory in use after: 72.1 MB.

Unloading 14 unused Assets to reduce memory usage. Loaded Objects now: 2045.
Total: 30.706300 ms (FindLiveObjects: 0.270200 ms CreateObjectMapping: 0.084800 ms MarkObjects: 30.315700 ms  DeleteObjects: 0.033100 ms)

========================================================================
Received Prepare
Registering precompiled user dll's ...
Registered in 0.008927 seconds.
Begin MonoManager ReloadAssembly
Native extension for WindowsStandalone target not found
Native extension for OSXStandalone target not found
Refreshing native plugins compatible for Editor in 0.43 ms, found 0 plugins.
Preloading 0 native plugins for Editor in 0.00 ms.
Mono: successfully reloaded assembly
- Completed reload, in  2.186 seconds
Platform modules already initialized, skipping
Refreshing native plugins compatible for Editor in 0.43 ms, found 0 plugins.
Preloading 0 native plugins for Editor in 0.00 ms.
Unloading 1537 Unused Serialized files (Serialized files now loaded: 0)
System memory in use before: 72.0 MB.
System memory in use after: 72.1 MB.

Unloading 14 unused Assets to reduce memory usage. Loaded Objects now: 2048.
Total: 31.911100 ms (FindLiveObjects: 0.224100 ms CreateObjectMapping: 0.085400 ms MarkObjects: 31.564000 ms  DeleteObjects: 0.035300 ms)

========================================================================
Received Prepare
Registering precompiled user dll's ...
Registered in 0.008226 seconds.
Begin MonoManager ReloadAssembly
Native extension for WindowsStandalone target not found
Native extension for OSXStandalone target not found
Refreshing native plugins compatible for Editor in 0.44 ms, found 0 plugins.
Preloading 0 native plugins for Editor in 0.00 ms.
Mono: successfully reloaded assembly
- Completed reload, in  2.166 seconds
Platform modules already initialized, skipping
Refreshing native plugins compatible for Editor in 0.46 ms, found 0 plugins.
Preloading 0 native plugins for Editor in 0.00 ms.
Unloading 1537 Unused Serialized files (Serialized files now loaded: 0)
System memory in use before: 72.0 MB.
System memory in use after: 72.1 MB.

Unloading 14 unused Assets to reduce memory usage. Loaded Objects now: 2051.
Total: 33.146500 ms (FindLiveObjects: 0.419500 ms CreateObjectMapping: 0.163000 ms MarkObjects: 32.527700 ms  DeleteObjects: 0.033200 ms)

========================================================================
Received Import Request.
  Time since last request: 1720.930294 seconds.
  path: Assets/Scripts/LoadableActions/CustomizeAction.cs
  artifactKey: Guid(7ba28f5ace9048541b3592756c63a098) Importer(815301076,1909f56bfc062723c751e8b465ee728b)
Start importing Assets/Scripts/LoadableActions/CustomizeAction.cs using Guid(7ba28f5ace9048541b3592756c63a098) Importer(815301076,1909f56bfc062723c751e8b465ee728b)  -> (artifact id: 'b9083ec3c2b68ebf84c9de1eca1ca0a6') in 0.005175 seconds
  Import took 0.009383 seconds .

========================================================================
Received Import Request.
  Time since last request: 6.393442 seconds.
  path: Assets/Scripts/LoadableActions/ListAction.cs
  artifactKey: Guid(7ba28f5ace9048541b3592756c63a098) Importer(815301076,1909f56bfc062723c751e8b465ee728b)
Start importing Assets/Scripts/LoadableActions/ListAction.cs using Guid(7ba28f5ace9048541b3592756c63a098) Importer(815301076,1909f56bfc062723c751e8b465ee728b)  -> (artifact id: 'e414338fe1d0cad1cb985135171da516') in 0.010192 seconds
  Import took 0.014531 seconds .

========================================================================
Received Prepare
Registering precompiled user dll's ...
Registered in 0.029368 seconds.
Begin MonoManager ReloadAssembly
Native extension for WindowsStandalone target not found
Native extension for OSXStandalone target not found
Refreshing native plugins compatible for Editor in 0.46 ms, found 0 plugins.
Preloading 0 native plugins for Editor in 0.00 ms.
Mono: successfully reloaded assembly
- Completed reload, in  3.313 seconds
Platform modules already initialized, skipping
Refreshing native plugins compatible for Editor in 0.40 ms, found 0 plugins.
Preloading 0 native plugins for Editor in 0.00 ms.
Unloading 1537 Unused Serialized files (Serialized files now loaded: 0)
System memory in use before: 72.0 MB.
System memory in use after: 72.1 MB.

Unloading 14 unused Assets to reduce memory usage. Loaded Objects now: 2054.
Total: 29.554100 ms (FindLiveObjects: 0.393000 ms CreateObjectMapping: 0.190200 ms MarkObjects: 28.934500 ms  DeleteObjects: 0.034100 ms)

========================================================================
Received Import Request.
  Time since last request: 34.624974 seconds.
  path: Assets/Scripts/LoadableActions/InstantiateAction.cs
  artifactKey: Guid(7c8a22c539c954348abe3ca3171d4a87) Importer(815301076,1909f56bfc062723c751e8b465ee728b)
Start importing Assets/Scripts/LoadableActions/InstantiateAction.cs using Guid(7c8a22c539c954348abe3ca3171d4a87) Importer(815301076,1909f56bfc062723c751e8b465ee728b)  -> (artifact id: '3e185612d56fe40ab2ac22d488533c64') in 0.009111 seconds
  Import took 0.012626 seconds .

========================================================================
Received Import Request.
  Time since last request: 0.001063 seconds.
  path: Assets/Scripts/LoadableActions/InstantiateAction.cs
  artifactKey: Guid(7c8a22c539c954348abe3ca3171d4a87) Importer(815301076,1909f56bfc062723c751e8b465ee728b)
Start importing Assets/Scripts/LoadableActions/InstantiateAction.cs using Guid(7c8a22c539c954348abe3ca3171d4a87) Importer(815301076,1909f56bfc062723c751e8b465ee728b)  -> (artifact id: '3e185612d56fe40ab2ac22d488533c64') in 0.002544 seconds
  Import took 0.005770 seconds .

========================================================================
Received Prepare
Registering precompiled user dll's ...
Registered in 0.007014 seconds.
Begin MonoManager ReloadAssembly
Native extension for WindowsStandalone target not found
Native extension for OSXStandalone target not found
Refreshing native plugins compatible for Editor in 0.49 ms, found 0 plugins.
Preloading 0 native plugins for Editor in 0.00 ms.
Mono: successfully reloaded assembly
- Completed reload, in  2.690 seconds
Platform modules already initialized, skipping
Refreshing native plugins compatible for Editor in 0.72 ms, found 0 plugins.
Preloading 0 native plugins for Editor in 0.00 ms.
Unloading 1537 Unused Serialized files (Serialized files now loaded: 0)
System memory in use before: 72.0 MB.
System memory in use after: 72.1 MB.

Unloading 14 unused Assets to reduce memory usage. Loaded Objects now: 2057.
Total: 33.675100 ms (FindLiveObjects: 0.474000 ms CreateObjectMapping: 0.207000 ms MarkObjects: 32.947800 ms  DeleteObjects: 0.043300 ms)

========================================================================
Received Import Request.
  Time since last request: 106.676925 seconds.
  path: Assets/Scripts/LoadableActions/ListAction.cs
  artifactKey: Guid(7ba28f5ace9048541b3592756c63a098) Importer(815301076,1909f56bfc062723c751e8b465ee728b)
Start importing Assets/Scripts/LoadableActions/ListAction.cs using Guid(7ba28f5ace9048541b3592756c63a098) Importer(815301076,1909f56bfc062723c751e8b465ee728b)  -> (artifact id: '71ec604cac055d0b043c83625d26e6de') in 0.005829 seconds
  Import took 0.009965 seconds .

AssetImportWorkerClient::OnTransportError - code=2 error=End of file
